0 info it worked if it ends with ok
1 verbose cli [ 'node', '/usr/local/bin/npm', 'publish' ]
2 info using npm@2.7.4
3 info using node@v0.12.2
4 verbose publish [ '.' ]
5 silly cache add args [ '.', null ]
6 verbose cache add spec .
7 silly cache add parsed spec { raw: '.',
7 silly cache add   scope: null,
7 silly cache add   name: null,
7 silly cache add   rawSpec: '.',
7 silly cache add   spec: '/Users/sgtn/_dev/2015/workerbee',
7 silly cache add   type: 'directory' }
8 verbose addLocalDirectory /Users/sgtn/.npm/workerbee/0.0.1/package.tgz not in flight; packing
9 verbose tar pack [ '/Users/sgtn/.npm/workerbee/0.0.1/package.tgz',
9 verbose tar pack   '/Users/sgtn/_dev/2015/workerbee' ]
10 verbose tarball /Users/sgtn/.npm/workerbee/0.0.1/package.tgz
11 verbose folder /Users/sgtn/_dev/2015/workerbee
12 info prepublish workerbee@0.0.1
13 verbose addLocalTarball adding from inside cache /Users/sgtn/.npm/workerbee/0.0.1/package.tgz
14 silly cache afterAdd workerbee@0.0.1
15 verbose afterAdd /Users/sgtn/.npm/workerbee/0.0.1/package/package.json not in flight; writing
16 verbose afterAdd /Users/sgtn/.npm/workerbee/0.0.1/package/package.json written
17 silly publish { name: 'workerbee',
17 silly publish   preferGlobal: 'true',
17 silly publish   description: 'forever tool',
17 silly publish   version: '0.0.1',
17 silly publish   author: { name: 'TECHFUND' },
17 silly publish   maintainers: [ { name: 'Shogo Ochiai', email: '_sgtn@techfund.jp' } ],
17 silly publish   repository: { type: 'git', url: 'https://github.com/TECHFUND/workerbee' },
17 silly publish   keywords: [ 'node', 'tools' ],
17 silly publish   dependencies: {},
17 silly publish   devDependencies: {},
17 silly publish   bin: { workerbee: './bin/workerbee' },
17 silly publish   main: './index.js',
17 silly publish   engines: { node: '>= 0.10.x' },
17 silly publish   bugs: { url: 'https://github.com/TECHFUND/workerbee/issues' },
17 silly publish   homepage: 'https://github.com/TECHFUND/workerbee',
17 silly publish   dist: { shasum: '19698bb3a036bb6d19ecb47eef3dd0acc5fb0a4c' },
17 silly publish   _resolved: 'git://github.com/TECHFUND/workerbee#1a265dfd0dbfc678eedb16974918e75159aee0a9',
17 silly publish   _from: 'git://github.com/TECHFUND/workerbee',
17 silly publish   _fromGithub: true,
17 silly publish   scripts: { test: 'node test.js' },
17 silly publish   license: 'MIT',
17 silly publish   readme: 'workerbee\n========\n\ndocker process daemon tool\n',
17 silly publish   readmeFilename: 'README.md',
17 silly publish   gitHead: '42809300de147c94ba97b8b5d80f688496ace446',
17 silly publish   _id: 'workerbee@0.0.1',
17 silly publish   _shasum: '592894d4e9add7f1dbd4279b99fe0f385aec4237' }
18 silly mapToRegistry name workerbee
19 silly mapToRegistry using default registry
20 silly mapToRegistry registry https://registry.npmjs.org/
21 silly mapToRegistry uri https://registry.npmjs.org/workerbee
22 verbose publish registryBase https://registry.npmjs.org/
23 silly publish uploading /Users/sgtn/.npm/workerbee/0.0.1/package.tgz
24 verbose request uri https://registry.npmjs.org/workerbee
25 verbose request sending authorization for write operation
26 info attempt registry request try #1 at 16:41:00
27 verbose request using bearer token for auth
28 verbose request id 9b5c26738325ceec
29 http request PUT https://registry.npmjs.org/workerbee
30 http 404 https://registry.npmjs.org/workerbee
31 verbose headers { 'content-type': 'application/json',
31 verbose headers   'cache-control': 'max-age=0',
31 verbose headers   'content-length': '21',
31 verbose headers   'accept-ranges': 'bytes',
31 verbose headers   date: 'Thu, 07 May 2015 07:41:01 GMT',
31 verbose headers   via: '1.1 varnish',
31 verbose headers   connection: 'keep-alive',
31 verbose headers   'x-served-by': 'cache-nrt6128-NRT',
31 verbose headers   'x-cache': 'MISS',
31 verbose headers   'x-cache-hits': '0',
31 verbose headers   'x-timer': 'S1430984460.054491,VS0,VE1061' }
32 verbose request invalidating /Users/sgtn/.npm/registry.npmjs.org/workerbee on PUT
33 error publish Failed PUT 404
34 verbose stack Error: Not found : workerbee
34 verbose stack     at CachingRegistryClient.<anonymous> (/usr/local/lib/node_modules/npm/node_modules/npm-registry-client/lib/request.js:247:14)
34 verbose stack     at Request._callback (/usr/local/lib/node_modules/npm/node_modules/npm-registry-client/lib/request.js:170:14)
34 verbose stack     at Request.self.callback (/usr/local/lib/node_modules/npm/node_modules/request/request.js:344:22)
34 verbose stack     at Request.emit (events.js:110:17)
34 verbose stack     at Request.<anonymous> (/usr/local/lib/node_modules/npm/node_modules/request/request.js:1239:14)
34 verbose stack     at Request.emit (events.js:129:20)
34 verbose stack     at IncomingMessage.<anonymous> (/usr/local/lib/node_modules/npm/node_modules/request/request.js:1187:12)
34 verbose stack     at IncomingMessage.emit (events.js:129:20)
34 verbose stack     at _stream_readable.js:908:16
34 verbose stack     at process._tickCallback (node.js:355:11)
35 verbose statusCode 404
36 verbose pkgid workerbee
37 verbose cwd /Users/sgtn/_dev/2015/workerbee
38 error Darwin 13.3.0
39 error argv "node" "/usr/local/bin/npm" "publish"
40 error node v0.12.2
41 error npm  v2.7.4
42 error code E404
43 error 404 Not found : workerbee
43 error 404
43 error 404 'workerbee' is not in the npm registry.
43 error 404 You should bug the author to publish it (or use the name yourself!)
43 error 404
43 error 404 Note that you can also install from a
43 error 404 tarball, folder, http url, or git url.
44 verbose exit [ 1, true ]
